TN:
SF:src/modules/adopters/services/CreateAdopterService.ts
FN:16,(anonymous_18)
FN:17,CreateAdopterService
FN:25,(anonymous_20)
FNF:3
FNH:3
FNDA:1,(anonymous_18)
FNDA:2,CreateAdopterService
FNDA:3,(anonymous_20)
DA:1,1
DA:3,1
DA:16,1
DA:19,2
DA:22,2
DA:25,3
DA:26,3
DA:28,3
DA:29,1
DA:32,2
DA:34,2
DA:40,2
DA:42,1
DA:44,1
LF:14
LH:14
BRDA:26,0,0,3
BRDA:28,1,0,1
BRDA:28,1,1,2
BRF:3
BRH:3
end_of_record
TN:
SF:src/modules/ngos/services/CreateNgoService.ts
FN:16,(anonymous_18)
FN:17,CreateNgoService
FN:25,(anonymous_20)
FNF:3
FNH:3
FNDA:1,(anonymous_18)
FNDA:2,CreateNgoService
FNDA:3,(anonymous_20)
DA:1,1
DA:3,1
DA:16,1
DA:19,2
DA:22,2
DA:25,3
DA:26,3
DA:28,3
DA:29,1
DA:32,2
DA:34,2
DA:40,2
DA:42,1
DA:44,1
LF:14
LH:14
BRDA:26,0,0,3
BRDA:28,1,0,1
BRDA:28,1,1,2
BRF:3
BRH:3
end_of_record
